<?xml version="1.0" encoding="UTF-8"?>
<testsuite xmlns:xsi="http://www.w3.org/2001/XMLSchema-instance" xsi:noNamespaceSchemaLocation="https://maven.apache.org/surefire/maven-surefire-plugin/xsd/surefire-test-report-3.0.xsd" version="3.0" name="com.tempaco.messageservice.MessageServiceApplicationTests" time="2.247" tests="1" errors="0" skipped="0" failures="0">
  <properties>
[...]
</properties>
  <testcase name="contextLoads" classname="com.tempaco.messageservice.MessageServiceApplicationTests" time="0.748">
    <system-out><![CDATA[16:51:16.667 [main] INFO org.springframework.test.context.support.AnnotationConfigContextLoaderUtils -- Could not detect default configuration classes for test class [com.tempaco.messageservice.MessageServiceApplicationTests]: MessageServiceApplicationTests does not declare any static, non-private, non-final, nested classes annotated with @Configuration.
16:51:16.738 [main] INFO org.springframework.boot.test.context.SpringBootTestContextBootstrapper -- Found @SpringBootConfiguration com.tempaco.messageservice.MessageServiceApplication for test class com.tempaco.messageservice.MessageServiceApplicationTests

  .   ____          _            __ _ _
 /\\ / ___'_ __ _ _(_)_ __  __ _ \ \ \ \
( ( )\___ | '_ | '_| | '_ \/ _` | \ \ \ \
 \\/  ___)| |_)| | | | | || (_| |  ) ) ) )
  '  |____| .__|_| |_|_| |_\__, | / / / /
 =========|_|==============|___/=/_/_/_/
 :: Spring Boot ::                (v3.2.5)

2024-05-13T16:51:17.067-04:00  INFO 6432 --- [message-service] [           main] c.t.m.MessageServiceApplicationTests     : Starting MessageServiceApplicationTests using Java 17.0.9 with PID 6432 (started by saiar in D:\git repo\TempAco\parentservice\message-service)
2024-05-13T16:51:17.070-04:00  INFO 6432 --- [message-service] [           main] c.t.m.MessageServiceApplicationTests     : No active profile set, falling back to 1 default profile: "default"
2024-05-13T16:51:18.021-04:00  INFO 6432 --- [message-service] [           main] o.s.m.s.b.SimpleBrokerMessageHandler     : Starting...
2024-05-13T16:51:18.023-04:00  INFO 6432 --- [message-service] [           main] o.s.m.s.b.SimpleBrokerMessageHandler     : BrokerAvailabilityEvent[available=true, SimpleBrokerMessageHandler [org.springframework.messaging.simp.broker.DefaultSubscriptionRegistry@1a01d7f0]]
2024-05-13T16:51:18.024-04:00  INFO 6432 --- [message-service] [           main] o.s.m.s.b.SimpleBrokerMessageHandler     : Started.
2024-05-13T16:51:18.030-04:00  INFO 6432 --- [message-service] [           main] c.t.m.MessageServiceApplicationTests     : Started MessageServiceApplicationTests in 1.158 seconds (process running for 2.24)
]]></system-out>
  </testcase>
</testsuite>